g:\svn_home\new_gps\code\hdatamanager\x86_vc12_unicode_debug\vc120.pdb
g:\svn_home\new_gps\code\hdatamanager\x86_vc12_unicode_debug\hdatamanager.obj
g:\svn_home\new_gps\code\hdatamanager\x86_vc12_unicode_debug\moc_hdatamanager.obj
g:\svn_home\new_gps\code\hdatamanager\generatedfiles\debug\moc_hdatamanager.cpp
g:\svn_home\new_gps\lib\x86_vc12_unicode_debug\hdatamanager.lib
g:\svn_home\new_gps\lib\x86_vc12_unicode_debug\hdatamanager.exp
g:\svn_home\new_gps\bin\x86_vc12_unicode_debug\hdatamanager.ilk
g:\svn_home\new_gps\bin\x86_vc12_unicode_debug\hdatamanager.dll
g:\svn_home\new_gps\bin\x86_vc12_unicode_debug\hdatamanager.pdb
g:\svn_home\new_gps\code\hdatamanager\..\..\bin\x86_vc12_unicode_debug\hdatamanager.dll
g:\svn_home\new_gps\code\hdatamanager\x86_vc12_unicode_debug\hdatamanager.tlog\cl.command.1.tlog
g:\svn_home\new_gps\code\hdatamanager\x86_vc12_unicode_debug\hdatamanager.tlog\cl.read.1.tlog
g:\svn_home\new_gps\code\hdatamanager\x86_vc12_unicode_debug\hdatamanager.tlog\cl.write.1.tlog
g:\svn_home\new_gps\code\hdatamanager\x86_vc12_unicode_debug\hdatamanager.tlog\custombuild.command.1.tlog
g:\svn_home\new_gps\code\hdatamanager\x86_vc12_unicode_debug\hdatamanager.tlog\custombuild.read.1.tlog
g:\svn_home\new_gps\code\hdatamanager\x86_vc12_unicode_debug\hdatamanager.tlog\custombuild.write.1.tlog
g:\svn_home\new_gps\code\hdatamanager\x86_vc12_unicode_debug\hdatamanager.tlog\hdatamanager.write.1u.tlog
g:\svn_home\new_gps\code\hdatamanager\x86_vc12_unicode_debug\hdatamanager.tlog\link.command.1.tlog
g:\svn_home\new_gps\code\hdatamanager\x86_vc12_unicode_debug\hdatamanager.tlog\link.read.1.tlog
g:\svn_home\new_gps\code\hdatamanager\x86_vc12_unicode_debug\hdatamanager.tlog\link.write.1.tlog
