g:\svn_home\new_gps\code\xyreportcenter\x86_vc12_unicode_debug\vc120.pdb
g:\svn_home\new_gps\code\xyreportcenter\x86_vc12_unicode_debug\xyreportcenter.obj
g:\svn_home\new_gps\code\xyreportcenter\x86_vc12_unicode_debug\usrreport.obj
g:\svn_home\new_gps\code\xyreportcenter\x86_vc12_unicode_debug\basereport.obj
g:\svn_home\new_gps\code\xyreportcenter\x86_vc12_unicode_debug\moc_xyreportcenter.obj
g:\svn_home\new_gps\code\xyreportcenter\x86_vc12_unicode_debug\moc_usrreport.obj
g:\svn_home\new_gps\code\xyreportcenter\x86_vc12_unicode_debug\moc_basereport.obj
g:\svn_home\new_gps\code\xyreportcenter\generatedfiles\ui_usrreport.h
g:\svn_home\new_gps\code\xyreportcenter\generatedfiles\ui_basereport.h
g:\svn_home\new_gps\code\xyreportcenter\generatedfiles\debug\moc_usrreport.cpp
g:\svn_home\new_gps\code\xyreportcenter\generatedfiles\debug\moc_basereport.cpp
g:\svn_home\new_gps\code\xyreportcenter\generatedfiles\debug\moc_xyreportcenter.cpp
g:\svn_home\new_gps\bin\x86_vc12_unicode_debug\xyreportcenter.ilk
g:\svn_home\new_gps\bin\x86_vc12_unicode_debug\xyreportcenter.dll
g:\svn_home\new_gps\bin\x86_vc12_unicode_debug\xyreportcenter.pdb
g:\svn_home\new_gps\lib\x86_vc12_unicode_debug\xyreportcenter.lib
g:\svn_home\new_gps\lib\x86_vc12_unicode_debug\xyreportcenter.exp
g:\svn_home\new_gps\code\xyreportcenter\..\..\bin\x86_vc12_unicode_debug\xyreportcenter.dll
g:\svn_home\new_gps\code\xyreportcenter\x86_vc12_unicode_debug\xyreportcenter.tlog\cl.command.1.tlog
g:\svn_home\new_gps\code\xyreportcenter\x86_vc12_unicode_debug\xyreportcenter.tlog\cl.read.1.tlog
g:\svn_home\new_gps\code\xyreportcenter\x86_vc12_unicode_debug\xyreportcenter.tlog\cl.write.1.tlog
g:\svn_home\new_gps\code\xyreportcenter\x86_vc12_unicode_debug\xyreportcenter.tlog\custombuild.command.1.tlog
g:\svn_home\new_gps\code\xyreportcenter\x86_vc12_unicode_debug\xyreportcenter.tlog\custombuild.read.1.tlog
g:\svn_home\new_gps\code\xyreportcenter\x86_vc12_unicode_debug\xyreportcenter.tlog\custombuild.write.1.tlog
g:\svn_home\new_gps\code\xyreportcenter\x86_vc12_unicode_debug\xyreportcenter.tlog\link.command.1.tlog
g:\svn_home\new_gps\code\xyreportcenter\x86_vc12_unicode_debug\xyreportcenter.tlog\link.read.1.tlog
g:\svn_home\new_gps\code\xyreportcenter\x86_vc12_unicode_debug\xyreportcenter.tlog\link.write.1.tlog
g:\svn_home\new_gps\code\xyreportcenter\x86_vc12_unicode_debug\xyreportcenter.tlog\xyreportcenter.write.1u.tlog
