g:\svn_home\new_gps\code\xyalarmmanagement\x86_vc12_unicode_debug\vc120.pdb
g:\svn_home\new_gps\code\xyalarmmanagement\x86_vc12_unicode_debug\offlinealarmsetting.obj
g:\svn_home\new_gps\code\xyalarmmanagement\x86_vc12_unicode_debug\keypointalarmsetting.obj
g:\svn_home\new_gps\code\xyalarmmanagement\x86_vc12_unicode_debug\moc_xyalarmmanagement.obj
g:\svn_home\new_gps\code\xyalarmmanagement\x86_vc12_unicode_debug\moc_speedalarmsetting.obj
g:\svn_home\new_gps\code\xyalarmmanagement\x86_vc12_unicode_debug\moc_offlinealarmsetting.obj
g:\svn_home\new_gps\code\xyalarmmanagement\x86_vc12_unicode_debug\moc_keypointalarmsetting.obj
g:\svn_home\new_gps\code\xyalarmmanagement\x86_vc12_unicode_debug\moc_basealarmsetting.obj
g:\svn_home\new_gps\code\xyalarmmanagement\x86_vc12_unicode_debug\moc_areaalarmsetting.obj
g:\svn_home\new_gps\code\xyalarmmanagement\x86_vc12_unicode_debug\moc_alarmsuper.obj
g:\svn_home\new_gps\code\xyalarmmanagement\x86_vc12_unicode_debug\moc_alarmstatistics.obj
g:\svn_home\new_gps\code\xyalarmmanagement\x86_vc12_unicode_debug\moc_alarmrulesetting.obj
g:\svn_home\new_gps\code\xyalarmmanagement\x86_vc12_unicode_debug\moc_alarmmonitor.obj
g:\svn_home\new_gps\code\xyalarmmanagement\x86_vc12_unicode_debug\moc_alarmmanagement.obj
g:\svn_home\new_gps\code\xyalarmmanagement\x86_vc12_unicode_debug\basealarmsetting.obj
g:\svn_home\new_gps\code\xyalarmmanagement\x86_vc12_unicode_debug\areaalarmsetting.obj
g:\svn_home\new_gps\code\xyalarmmanagement\x86_vc12_unicode_debug\alarmsuper.obj
g:\svn_home\new_gps\code\xyalarmmanagement\x86_vc12_unicode_debug\alarmstatistics.obj
g:\svn_home\new_gps\code\xyalarmmanagement\x86_vc12_unicode_debug\alarmrulesetting.obj
g:\svn_home\new_gps\code\xyalarmmanagement\x86_vc12_unicode_debug\alarmmonitor.obj
g:\svn_home\new_gps\code\xyalarmmanagement\x86_vc12_unicode_debug\alarmmanagement.obj
g:\svn_home\new_gps\code\xyalarmmanagement\x86_vc12_unicode_debug\xyalarmmanagement.obj
g:\svn_home\new_gps\code\xyalarmmanagement\x86_vc12_unicode_debug\speedalarmsetting.obj
g:\svn_home\new_gps\code\xyalarmmanagement\x86_vc12_unicode_debug\qrc_alarmmanagement.obj
g:\svn_home\new_gps\code\xyalarmmanagement\generatedfiles\debug\moc_alarmmanagement.cpp
g:\svn_home\new_gps\code\xyalarmmanagement\generatedfiles\debug\moc_basealarmsetting.cpp
g:\svn_home\new_gps\code\xyalarmmanagement\generatedfiles\debug\moc_areaalarmsetting.cpp
g:\svn_home\new_gps\code\xyalarmmanagement\generatedfiles\debug\moc_alarmrulesetting.cpp
g:\svn_home\new_gps\code\xyalarmmanagement\generatedfiles\debug\moc_alarmmonitor.cpp
g:\svn_home\new_gps\code\xyalarmmanagement\generatedfiles\debug\moc_alarmsuper.cpp
g:\svn_home\new_gps\code\xyalarmmanagement\generatedfiles\debug\moc_alarmstatistics.cpp
g:\svn_home\new_gps\code\xyalarmmanagement\generatedfiles\debug\moc_offlinealarmsetting.cpp
g:\svn_home\new_gps\code\xyalarmmanagement\generatedfiles\debug\moc_speedalarmsetting.cpp
g:\svn_home\new_gps\code\xyalarmmanagement\generatedfiles\debug\moc_keypointalarmsetting.cpp
g:\svn_home\new_gps\code\xyalarmmanagement\generatedfiles\ui_alarmmanagement.h
g:\svn_home\new_gps\code\xyalarmmanagement\generatedfiles\qrc_alarmmanagement.cpp
g:\svn_home\new_gps\code\xyalarmmanagement\generatedfiles\ui_basealarmsetting.h
g:\svn_home\new_gps\code\xyalarmmanagement\generatedfiles\ui_areaalarmsetting.h
g:\svn_home\new_gps\code\xyalarmmanagement\generatedfiles\ui_offlinealarmsetting.h
g:\svn_home\new_gps\code\xyalarmmanagement\generatedfiles\ui_speedalarmsetting.h
g:\svn_home\new_gps\code\xyalarmmanagement\generatedfiles\ui_keypointalarmsetting.h
g:\svn_home\new_gps\code\xyalarmmanagement\generatedfiles\ui_alarmrulesetting.h
g:\svn_home\new_gps\code\xyalarmmanagement\generatedfiles\ui_alarmmonitor.h
g:\svn_home\new_gps\code\xyalarmmanagement\generatedfiles\ui_alarmsuper.h
g:\svn_home\new_gps\code\xyalarmmanagement\generatedfiles\ui_alarmstatistics.h
g:\svn_home\new_gps\code\xyalarmmanagement\generatedfiles\debug\moc_xyalarmmanagement.cpp
g:\svn_home\new_gps\bin\x86_vc12_unicode_debug\xyalarmmanagement.ilk
g:\svn_home\new_gps\bin\x86_vc12_unicode_debug\xyalarmmanagement.dll
g:\svn_home\new_gps\bin\x86_vc12_unicode_debug\xyalarmmanagement.pdb
g:\svn_home\new_gps\bin\x86_vc12_unicode_debug\xyalarmmanagement.lib
g:\svn_home\new_gps\bin\x86_vc12_unicode_debug\xyalarmmanagement.exp
g:\svn_home\new_gps\code\xyalarmmanagement\..\..\bin\x86_vc12_unicode_debug\xyalarmmanagement.dll
g:\svn_home\new_gps\code\xyalarmmanagement\x86_vc12_unicode_debug\xyalarmm.8deba371.tlog\cl.command.1.tlog
g:\svn_home\new_gps\code\xyalarmmanagement\x86_vc12_unicode_debug\xyalarmm.8deba371.tlog\cl.read.1.tlog
g:\svn_home\new_gps\code\xyalarmmanagement\x86_vc12_unicode_debug\xyalarmm.8deba371.tlog\cl.write.1.tlog
g:\svn_home\new_gps\code\xyalarmmanagement\x86_vc12_unicode_debug\xyalarmm.8deba371.tlog\custombuild.command.1.tlog
g:\svn_home\new_gps\code\xyalarmmanagement\x86_vc12_unicode_debug\xyalarmm.8deba371.tlog\custombuild.read.1.tlog
g:\svn_home\new_gps\code\xyalarmmanagement\x86_vc12_unicode_debug\xyalarmm.8deba371.tlog\custombuild.write.1.tlog
g:\svn_home\new_gps\code\xyalarmmanagement\x86_vc12_unicode_debug\xyalarmm.8deba371.tlog\link.command.1.tlog
g:\svn_home\new_gps\code\xyalarmmanagement\x86_vc12_unicode_debug\xyalarmm.8deba371.tlog\link.read.1.tlog
g:\svn_home\new_gps\code\xyalarmmanagement\x86_vc12_unicode_debug\xyalarmm.8deba371.tlog\link.write.1.tlog
g:\svn_home\new_gps\code\xyalarmmanagement\x86_vc12_unicode_debug\xyalarmm.8deba371.tlog\xyalarmmanagement.write.1u.tlog
