Build started 2016/5/13 0:46:33.
     1>Project "G:\svn_home\new_gps\code\XYAlarmManagement\XYAlarmManagement.vcxproj" on node 2 (Build target(s)).
     1>C:\Program Files (x86)\MSBuild\Microsoft.Cpp\v4.0\V120\Microsoft.CppBuild.targets(356,5): warning MSB8004: Intermediate Directory does not end with a trailing slash.  This build instance will add the slash as it is required to allow proper evaluation of the Intermediate Directory.
     1>C:\Program Files (x86)\MSBuild\Microsoft.Cpp\v4.0\V120\Microsoft.CppBuild.targets(357,5): warning MSB8004: Output Directory does not end with a trailing slash.  This build instance will add the slash as it is required to allow proper evaluation of the Output Directory.
     1>CustomBuild:
         Moc'ing AlarmManagement.h...
         Moc'ing XYAlarmManagement.h...
     1>C:\Program Files (x86)\MSBuild\Microsoft.Cpp\v4.0\V120\Microsoft.CppBuild.targets(935,5): warning MSB8027: Two or more files with the name of moc_AlarmManagement.cpp will produce outputs to the same location. This can lead to an incorrect build result.  The files involved are GeneratedFiles\Debug\moc_AlarmManagement.cpp, GeneratedFiles\Release\moc_AlarmManagement.cpp.
     1>C:\Program Files (x86)\MSBuild\Microsoft.Cpp\v4.0\V120\Microsoft.CppBuild.targets(935,5): warning MSB8027: Two or more files with the name of moc_AlarmMonitor.cpp will produce outputs to the same location. This can lead to an incorrect build result.  The files involved are GeneratedFiles\Debug\moc_AlarmMonitor.cpp, GeneratedFiles\Release\moc_AlarmMonitor.cpp.
     1>C:\Program Files (x86)\MSBuild\Microsoft.Cpp\v4.0\V120\Microsoft.CppBuild.targets(935,5): warning MSB8027: Two or more files with the name of moc_AlarmRuleSetting.cpp will produce outputs to the same location. This can lead to an incorrect build result.  The files involved are GeneratedFiles\Debug\moc_AlarmRuleSetting.cpp, GeneratedFiles\Release\moc_AlarmRuleSetting.cpp.
     1>C:\Program Files (x86)\MSBuild\Microsoft.Cpp\v4.0\V120\Microsoft.CppBuild.targets(935,5): warning MSB8027: Two or more files with the name of moc_AlarmStatistics.cpp will produce outputs to the same location. This can lead to an incorrect build result.  The files involved are GeneratedFiles\Debug\moc_AlarmStatistics.cpp, GeneratedFiles\Release\moc_AlarmStatistics.cpp.
     1>C:\Program Files (x86)\MSBuild\Microsoft.Cpp\v4.0\V120\Microsoft.CppBuild.targets(935,5): warning MSB8027: Two or more files with the name of moc_AlarmSuper.cpp will produce outputs to the same location. This can lead to an incorrect build result.  The files involved are GeneratedFiles\Debug\moc_AlarmSuper.cpp, GeneratedFiles\Release\moc_AlarmSuper.cpp.
     1>C:\Program Files (x86)\MSBuild\Microsoft.Cpp\v4.0\V120\Microsoft.CppBuild.targets(935,5): warning MSB8027: Two or more files with the name of moc_AreaAlarmSetting.cpp will produce outputs to the same location. This can lead to an incorrect build result.  The files involved are GeneratedFiles\Debug\moc_AreaAlarmSetting.cpp, GeneratedFiles\Release\moc_AreaAlarmSetting.cpp.
     1>C:\Program Files (x86)\MSBuild\Microsoft.Cpp\v4.0\V120\Microsoft.CppBuild.targets(935,5): warning MSB8027: Two or more files with the name of moc_BaseAlarmSetting.cpp will produce outputs to the same location. This can lead to an incorrect build result.  The files involved are GeneratedFiles\Debug\moc_BaseAlarmSetting.cpp, GeneratedFiles\Release\moc_BaseAlarmSetting.cpp.
     1>C:\Program Files (x86)\MSBuild\Microsoft.Cpp\v4.0\V120\Microsoft.CppBuild.targets(935,5): warning MSB8027: Two or more files with the name of moc_KeypointAlarmSetting.cpp will produce outputs to the same location. This can lead to an incorrect build result.  The files involved are GeneratedFiles\Debug\moc_KeypointAlarmSetting.cpp, GeneratedFiles\Release\moc_KeypointAlarmSetting.cpp.
     1>C:\Program Files (x86)\MSBuild\Microsoft.Cpp\v4.0\V120\Microsoft.CppBuild.targets(935,5): warning MSB8027: Two or more files with the name of moc_OfflineAlarmSetting.cpp will produce outputs to the same location. This can lead to an incorrect build result.  The files involved are GeneratedFiles\Debug\moc_OfflineAlarmSetting.cpp, GeneratedFiles\Release\moc_OfflineAlarmSetting.cpp.
     1>C:\Program Files (x86)\MSBuild\Microsoft.Cpp\v4.0\V120\Microsoft.CppBuild.targets(935,5): warning MSB8027: Two or more files with the name of moc_SpeedAlarmSetting.cpp will produce outputs to the same location. This can lead to an incorrect build result.  The files involved are GeneratedFiles\Debug\moc_SpeedAlarmSetting.cpp, GeneratedFiles\Release\moc_SpeedAlarmSetting.cpp.
     1>C:\Program Files (x86)\MSBuild\Microsoft.Cpp\v4.0\V120\Microsoft.CppBuild.targets(935,5): warning MSB8027: Two or more files with the name of moc_XYAlarmManagement.cpp will produce outputs to the same location. This can lead to an incorrect build result.  The files involved are GeneratedFiles\Debug\moc_XYAlarmManagement.cpp, GeneratedFiles\Release\moc_XYAlarmManagement.cpp.
       ClCompile:
         F:\Program Files (x86)\Microsoft Visual Studio 12.0\VC\bin\CL.exe /c /I.\GeneratedFiles /I. /IF:\Qt\Qt5.5.0\5.5\msvc2013\include /I.\GeneratedFiles\Debug /IF:\Qt\Qt5.5.0\5.5\msvc2013\include\QtCore /IF:\Qt\Qt5.5.0\5.5\msvc2013\include\QtGui /IF:\Qt\Qt5.5.0\5.5\msvc2013\include\QtWidgets /I..\..\inc /Zi /nologo /W1 /WX- /Od /Oy- /D UNICODE /D WIN32 /D WIN64 /D QT_DLL /D QT_CORE_LIB /D QT_GUI_LIB /D QT_WIDGETS_LIB /D XYALARMMANAGEMENT_LIB /D _WINDLL /Gm- /EHsc /MDd /GS /fp:precise /Zc:wchar_t /Zc:forScope /Fo"x86_vc12_unicode_debug\\" /Fd"x86_vc12_unicode_debug\vc120.pdb" /Gd /TP /analyze- /errorReport:prompt AlarmManagement.cpp GeneratedFiles\Debug\moc_AlarmManagement.cpp GeneratedFiles\Debug\moc_XYAlarmManagement.cpp XYAlarmManagement.cpp
         AlarmManagement.cpp
         moc_AlarmManagement.cpp
         moc_XYAlarmManagement.cpp
         XYAlarmManagement.cpp
         Generating Code...
       Link:
         F:\Program Files (x86)\Microsoft Visual Studio 12.0\VC\bin\link.exe /ERRORREPORT:PROMPT /OUT:"..\..\bin\x86_vc12_unicode_debug\\XYAlarmManagement.dll" /NOLOGO /LIBPATH:F:\Qt\Qt5.5.0\5.5\msvc2013\lib qtmaind.lib Qt5Cored.lib Qt5Guid.lib Qt5Widgetsd.lib kernel32.lib user32.lib gdi32.lib winspool.lib comdlg32.lib advapi32.lib shell32.lib ole32.lib oleaut32.lib uuid.lib odbc32.lib odbccp32.lib /MANIFEST /MANIFESTUAC:"level='asInvoker' uiAccess='false'" /manifest:embed /DEBUG /PDB:"..\..\bin\x86_vc12_unicode_debug\XYAlarmManagement.pdb" /SUBSYSTEM:WINDOWS /TLBID:1 /DYNAMICBASE /NXCOMPAT /IMPLIB:"..\..\lib\x86_vc12_unicode_debug\XYAlarmManagement.lib" /MACHINE:X86 /SAFESEH /DLL x86_vc12_unicode_debug\AlarmManagement.obj
         x86_vc12_unicode_debug\AlarmMonitor.obj
         x86_vc12_unicode_debug\AlarmRuleSetting.obj
         x86_vc12_unicode_debug\AlarmStatistics.obj
         x86_vc12_unicode_debug\AlarmSuper.obj
         x86_vc12_unicode_debug\AreaAlarmSetting.obj
         x86_vc12_unicode_debug\BaseAlarmSetting.obj
         x86_vc12_unicode_debug\moc_AlarmManagement.obj
         x86_vc12_unicode_debug\moc_AlarmMonitor.obj
         x86_vc12_unicode_debug\moc_AlarmRuleSetting.obj
         x86_vc12_unicode_debug\moc_AlarmStatistics.obj
         x86_vc12_unicode_debug\moc_AlarmSuper.obj
         x86_vc12_unicode_debug\moc_AreaAlarmSetting.obj
         x86_vc12_unicode_debug\moc_BaseAlarmSetting.obj
         x86_vc12_unicode_debug\moc_KeypointAlarmSetting.obj
         x86_vc12_unicode_debug\moc_OfflineAlarmSetting.obj
         x86_vc12_unicode_debug\moc_SpeedAlarmSetting.obj
         x86_vc12_unicode_debug\moc_XYAlarmManagement.obj
         x86_vc12_unicode_debug\qrc_AlarmManagement.obj
         x86_vc12_unicode_debug\KeypointAlarmSetting.obj
         x86_vc12_unicode_debug\OfflineAlarmSetting.obj
         x86_vc12_unicode_debug\SpeedAlarmSetting.obj
         x86_vc12_unicode_debug\XYAlarmManagement.obj
            Creating library ..\..\lib\x86_vc12_unicode_debug\XYAlarmManagement.lib and object ..\..\lib\x86_vc12_unicode_debug\XYAlarmManagement.exp
         XYAlarmManagement.vcxproj -> G:\svn_home\new_gps\code\XYAlarmManagement\..\..\bin\x86_vc12_unicode_debug\XYAlarmManagement.dll
     1>Done Building Project "G:\svn_home\new_gps\code\XYAlarmManagement\XYAlarmManagement.vcxproj" (Build target(s)).

Build succeeded.

Time Elapsed 00:00:13.42
