g:\svn_home\new_gps\code\xyengineermanagement\x86_vc12_unicode_debug\vc120.pdb
g:\svn_home\new_gps\code\xyengineermanagement\x86_vc12_unicode_debug\xyengineermanagement.obj
g:\svn_home\new_gps\code\xyengineermanagement\x86_vc12_unicode_debug\moc_xyengineermanagement.obj
g:\svn_home\new_gps\code\xyengineermanagement\x86_vc12_unicode_debug\moc_engineermanagement.obj
g:\svn_home\new_gps\code\xyengineermanagement\x86_vc12_unicode_debug\engineermanagement.obj
g:\svn_home\new_gps\code\xyengineermanagement\generatedfiles\debug\moc_engineermanagement.cpp
g:\svn_home\new_gps\code\xyengineermanagement\generatedfiles\ui_engineermanagement.h
g:\svn_home\new_gps\code\xyengineermanagement\generatedfiles\debug\moc_xyengineermanagement.cpp
g:\svn_home\new_gps\bin\x86_vc12_unicode_debug\xyengineermanagement.ilk
g:\svn_home\new_gps\bin\x86_vc12_unicode_debug\xyengineermanagement.dll
g:\svn_home\new_gps\bin\x86_vc12_unicode_debug\xyengineermanagement.pdb
g:\svn_home\new_gps\bin\x86_vc12_unicode_debug\xyengineermanagement.lib
g:\svn_home\new_gps\bin\x86_vc12_unicode_debug\xyengineermanagement.exp
g:\svn_home\new_gps\code\xyengineermanagement\..\..\bin\x86_vc12_unicode_debug\xyengineermanagement.dll
g:\svn_home\new_gps\code\xyengineermanagement\x86_vc12_unicode_debug\xyengine.519e13fc.tlog\cl.command.1.tlog
g:\svn_home\new_gps\code\xyengineermanagement\x86_vc12_unicode_debug\xyengine.519e13fc.tlog\cl.read.1.tlog
g:\svn_home\new_gps\code\xyengineermanagement\x86_vc12_unicode_debug\xyengine.519e13fc.tlog\cl.write.1.tlog
g:\svn_home\new_gps\code\xyengineermanagement\x86_vc12_unicode_debug\xyengine.519e13fc.tlog\custombuild.command.1.tlog
g:\svn_home\new_gps\code\xyengineermanagement\x86_vc12_unicode_debug\xyengine.519e13fc.tlog\custombuild.read.1.tlog
g:\svn_home\new_gps\code\xyengineermanagement\x86_vc12_unicode_debug\xyengine.519e13fc.tlog\custombuild.write.1.tlog
g:\svn_home\new_gps\code\xyengineermanagement\x86_vc12_unicode_debug\xyengine.519e13fc.tlog\link.command.1.tlog
g:\svn_home\new_gps\code\xyengineermanagement\x86_vc12_unicode_debug\xyengine.519e13fc.tlog\link.read.1.tlog
g:\svn_home\new_gps\code\xyengineermanagement\x86_vc12_unicode_debug\xyengine.519e13fc.tlog\link.write.1.tlog
g:\svn_home\new_gps\code\xyengineermanagement\x86_vc12_unicode_debug\xyengine.519e13fc.tlog\xyengineermanagement.write.1u.tlog
