g:\svn_home\new_gps\code\gpsworld\x86_vc12_unicode_debug\vc120.pdb
g:\svn_home\new_gps\code\gpsworld\x86_vc12_unicode_debug\main.obj
g:\svn_home\new_gps\code\gpsworld\x86_vc12_unicode_debug\loginui.obj
g:\svn_home\new_gps\code\gpsworld\x86_vc12_unicode_debug\gpsworld.obj
g:\svn_home\new_gps\code\gpsworld\x86_vc12_unicode_debug\moc_loginui.obj
g:\svn_home\new_gps\code\gpsworld\x86_vc12_unicode_debug\moc_gpsworld.obj
g:\svn_home\new_gps\code\gpsworld\x86_vc12_unicode_debug\qrc_gpsworld.obj
g:\svn_home\new_gps\code\gpsworld\generatedfiles\qrc_gpsworld.cpp
g:\svn_home\new_gps\code\gpsworld\generatedfiles\debug\moc_gpsworld.cpp
g:\svn_home\new_gps\code\gpsworld\generatedfiles\ui_gpsworld.h
g:\svn_home\new_gps\code\gpsworld\generatedfiles\ui_loginui.h
g:\svn_home\new_gps\code\gpsworld\generatedfiles\debug\moc_loginui.cpp
g:\svn_home\new_gps\bin\x86_vc12_unicode_debug\gpsworld.ilk
g:\svn_home\new_gps\bin\x86_vc12_unicode_debug\gpsworld.exe
g:\svn_home\new_gps\bin\x86_vc12_unicode_debug\gpsworld.pdb
g:\svn_home\new_gps\code\gpsworld\..\..\bin\x86_vc12_unicode_debug\gpsworld.exe
g:\svn_home\new_gps\code\gpsworld\x86_vc12_unicode_debug\gpsworld.tlog\cl.command.1.tlog
g:\svn_home\new_gps\code\gpsworld\x86_vc12_unicode_debug\gpsworld.tlog\cl.read.1.tlog
g:\svn_home\new_gps\code\gpsworld\x86_vc12_unicode_debug\gpsworld.tlog\cl.write.1.tlog
g:\svn_home\new_gps\code\gpsworld\x86_vc12_unicode_debug\gpsworld.tlog\custombuild.command.1.tlog
g:\svn_home\new_gps\code\gpsworld\x86_vc12_unicode_debug\gpsworld.tlog\custombuild.read.1.tlog
g:\svn_home\new_gps\code\gpsworld\x86_vc12_unicode_debug\gpsworld.tlog\custombuild.write.1.tlog
g:\svn_home\new_gps\code\gpsworld\x86_vc12_unicode_debug\gpsworld.tlog\link.command.1.tlog
g:\svn_home\new_gps\code\gpsworld\x86_vc12_unicode_debug\gpsworld.tlog\link.read.1.tlog
g:\svn_home\new_gps\code\gpsworld\x86_vc12_unicode_debug\gpsworld.tlog\link.write.1.tlog
