Build started 2016/5/12 13:42:29.
     1>Project "G:\svn_home\new_gps\code\ProgressBarManager\ProgressBarManager.vcxproj" on node 2 (Build target(s)).
     1>CustomBuild:
         Moc'ing ProgressBarManager.h...
     1>C:\Program Files (x86)\MSBuild\Microsoft.Cpp\v4.0\V120\Microsoft.CppBuild.targets(935,5): warning MSB8027: Two or more files with the name of moc_NQLineProgressBar.cpp will produce outputs to the same location. This can lead to an incorrect build result.  The files involved are GeneratedFiles\Debug\moc_NQLineProgressBar.cpp, GeneratedFiles\Release\moc_NQLineProgressBar.cpp.
     1>C:\Program Files (x86)\MSBuild\Microsoft.Cpp\v4.0\V120\Microsoft.CppBuild.targets(935,5): warning MSB8027: Two or more files with the name of moc_NQRoundProgressBar.cpp will produce outputs to the same location. This can lead to an incorrect build result.  The files involved are GeneratedFiles\Debug\moc_NQRoundProgressBar.cpp, GeneratedFiles\Release\moc_NQRoundProgressBar.cpp.
     1>C:\Program Files (x86)\MSBuild\Microsoft.Cpp\v4.0\V120\Microsoft.CppBuild.targets(935,5): warning MSB8027: Two or more files with the name of moc_ProgressBarManager.cpp will produce outputs to the same location. This can lead to an incorrect build result.  The files involved are GeneratedFiles\Debug\moc_ProgressBarManager.cpp, GeneratedFiles\Release\moc_ProgressBarManager.cpp.
       ClCompile:
         F:\Program Files (x86)\Microsoft Visual Studio 12.0\VC\bin\CL.exe /c /I.\GeneratedFiles /I. /IF:\Qt\Qt5.5.0\5.5\msvc2013\include /I.\GeneratedFiles\Release /IF:\Qt\Qt5.5.0\5.5\msvc2013\include\QtCore /IF:\Qt\Qt5.5.0\5.5\msvc2013\include\QtGui /IF:\Qt\Qt5.5.0\5.5\msvc2013\include\QtWidgets /I..\..\inc /nologo /W1 /WX- /O2 /Oy- /D UNICODE /D WIN32 /D WIN64 /D QT_DLL /D QT_NO_DEBUG /D NDEBUG /D QT_CORE_LIB /D QT_GUI_LIB /D QT_WIDGETS_LIB /D PROGRESSBARMANAGER_LIB /D _WINDLL /Gm- /EHsc /MD /GS /fp:precise /Zc:wchar_t /Zc:forScope /Fo"x86_vc12_unicode_release\\" /Fd"x86_vc12_unicode_release\vc120.pdb" /Gd /TP /analyze- /errorReport:prompt GeneratedFiles\qrc_ProgressBarManager.cpp
         qrc_ProgressBarManager.cpp
         F:\Program Files (x86)\Microsoft Visual Studio 12.0\VC\bin\CL.exe /c /I.\GeneratedFiles /I. /IF:\Qt\Qt5.5.0\5.5\msvc2013\include /I.\GeneratedFiles\Release /IF:\Qt\Qt5.5.0\5.5\msvc2013\include\QtCore /IF:\Qt\Qt5.5.0\5.5\msvc2013\include\QtGui /IF:\Qt\Qt5.5.0\5.5\msvc2013\include\QtWidgets /I..\..\inc /nologo /W1 /WX- /O2 /Oy- /D UNICODE /D WIN32 /D WIN64 /D QT_DLL /D QT_NO_DEBUG /D NDEBUG /D QT_CORE_LIB /D QT_GUI_LIB /D QT_WIDGETS_LIB /D PROGRESSBARMANAGER_LIB /D _WINDLL /Gm- /EHsc /MD /GS /fp:precise /Zc:wchar_t /Zc:forScope /Fo"x86_vc12_unicode_release\\" /Fd"x86_vc12_unicode_release\vc120.pdb" /Gd /TP /analyze- /errorReport:prompt GeneratedFiles\Release\moc_NQRoundProgressBar.cpp GeneratedFiles\Release\moc_ProgressBarManager.cpp NQRoundProgressBar.cpp ProgressBarManager.cpp
         moc_NQRoundProgressBar.cpp
         moc_ProgressBarManager.cpp
         NQRoundProgressBar.cpp
         ProgressBarManager.cpp
         Generating Code...
       Link:
         F:\Program Files (x86)\Microsoft Visual Studio 12.0\VC\bin\link.exe /ERRORREPORT:PROMPT /OUT:"..\..\bin\x86_vc12_unicode_release\\ProgressBarManager.dll" /NOLOGO /LIBPATH:F:\Qt\Qt5.5.0\5.5\msvc2013\lib qtmain.lib Qt5Core.lib Qt5Gui.lib Qt5Widgets.lib kernel32.lib user32.lib gdi32.lib winspool.lib comdlg32.lib advapi32.lib shell32.lib ole32.lib oleaut32.lib uuid.lib odbc32.lib odbccp32.lib /MANIFEST /MANIFESTUAC:"level='asInvoker' uiAccess='false'" /manifest:embed /PDB:"..\..\bin\x86_vc12_unicode_release\ProgressBarManager.pdb" /SUBSYSTEM:WINDOWS /TLBID:1 /DYNAMICBASE /NXCOMPAT /IMPLIB:"..\..\lib\x86_vc12_unicode_release\ProgressBarManager.lib" /MACHINE:X86 /SAFESEH /DLL x86_vc12_unicode_release\qrc_ProgressBarManager.obj
         x86_vc12_unicode_release\moc_NQLineProgressBar.obj
         x86_vc12_unicode_release\moc_NQRoundProgressBar.obj
         x86_vc12_unicode_release\moc_ProgressBarManager.obj
         x86_vc12_unicode_release\NQLineProgressBar.obj
         x86_vc12_unicode_release\NQRoundProgressBar.obj
         x86_vc12_unicode_release\ProgressBarManager.obj
            Creating library ..\..\lib\x86_vc12_unicode_release\ProgressBarManager.lib and object ..\..\lib\x86_vc12_unicode_release\ProgressBarManager.exp
         ProgressBarManager.vcxproj -> G:\svn_home\new_gps\code\ProgressBarManager\..\..\bin\x86_vc12_unicode_release\ProgressBarManager.dll
     1>Done Building Project "G:\svn_home\new_gps\code\ProgressBarManager\ProgressBarManager.vcxproj" (Build target(s)).

Build succeeded.

Time Elapsed 00:00:06.09
