g:\svn_home\new_gps\code\xyintelligentmonitor\x86_vc12_unicode_debug\vc120.pdb
g:\svn_home\new_gps\code\xyintelligentmonitor\x86_vc12_unicode_debug\leftnavimonitorlist.obj
g:\svn_home\new_gps\code\xyintelligentmonitor\x86_vc12_unicode_debug\leftnavimap.obj
g:\svn_home\new_gps\code\xyintelligentmonitor\x86_vc12_unicode_debug\leftnavifactory.obj
g:\svn_home\new_gps\code\xyintelligentmonitor\x86_vc12_unicode_debug\intelligentmonitor.obj
g:\svn_home\new_gps\code\xyintelligentmonitor\x86_vc12_unicode_debug\histrack.obj
g:\svn_home\new_gps\code\xyintelligentmonitor\x86_vc12_unicode_debug\goverregulation.obj
g:\svn_home\new_gps\code\xyintelligentmonitor\x86_vc12_unicode_debug\moc_xyintelligentmonitor.obj
g:\svn_home\new_gps\code\xyintelligentmonitor\x86_vc12_unicode_debug\moc_videomonitor.obj
g:\svn_home\new_gps\code\xyintelligentmonitor\x86_vc12_unicode_debug\moc_leftnavimonitorlist.obj
g:\svn_home\new_gps\code\xyintelligentmonitor\x86_vc12_unicode_debug\moc_leftnavimap.obj
g:\svn_home\new_gps\code\xyintelligentmonitor\x86_vc12_unicode_debug\moc_leftnavifactory.obj
g:\svn_home\new_gps\code\xyintelligentmonitor\x86_vc12_unicode_debug\moc_intelligentmonitor.obj
g:\svn_home\new_gps\code\xyintelligentmonitor\x86_vc12_unicode_debug\moc_histrack.obj
g:\svn_home\new_gps\code\xyintelligentmonitor\x86_vc12_unicode_debug\moc_goverregulation.obj
g:\svn_home\new_gps\code\xyintelligentmonitor\x86_vc12_unicode_debug\moc_curvediagram.obj
g:\svn_home\new_gps\code\xyintelligentmonitor\x86_vc12_unicode_debug\moc_bottomtabletracking.obj
g:\svn_home\new_gps\code\xyintelligentmonitor\x86_vc12_unicode_debug\moc_bottomtablecarmonitor.obj
g:\svn_home\new_gps\code\xyintelligentmonitor\x86_vc12_unicode_debug\curvediagram.obj
g:\svn_home\new_gps\code\xyintelligentmonitor\x86_vc12_unicode_debug\bottomtabletracking.obj
g:\svn_home\new_gps\code\xyintelligentmonitor\x86_vc12_unicode_debug\bottomtablecarmonitor.obj
g:\svn_home\new_gps\code\xyintelligentmonitor\x86_vc12_unicode_debug\xyintelligentmonitor.obj
g:\svn_home\new_gps\code\xyintelligentmonitor\x86_vc12_unicode_debug\videomonitor.obj
g:\svn_home\new_gps\code\xyintelligentmonitor\x86_vc12_unicode_debug\qrc_intelligentmonitor.obj
g:\svn_home\new_gps\code\xyintelligentmonitor\generatedfiles\debug\moc_curvediagram.cpp
g:\svn_home\new_gps\code\xyintelligentmonitor\generatedfiles\debug\moc_bottomtablecarmonitor.cpp
g:\svn_home\new_gps\code\xyintelligentmonitor\generatedfiles\debug\moc_bottomtabletracking.cpp
g:\svn_home\new_gps\code\xyintelligentmonitor\generatedfiles\debug\moc_xyintelligentmonitor.cpp
g:\svn_home\new_gps\code\xyintelligentmonitor\generatedfiles\debug\moc_histrack.cpp
g:\svn_home\new_gps\code\xyintelligentmonitor\generatedfiles\debug\moc_videomonitor.cpp
g:\svn_home\new_gps\code\xyintelligentmonitor\generatedfiles\debug\moc_goverregulation.cpp
g:\svn_home\new_gps\code\xyintelligentmonitor\generatedfiles\debug\moc_intelligentmonitor.cpp
g:\svn_home\new_gps\code\xyintelligentmonitor\generatedfiles\debug\moc_leftnavimonitorlist.cpp
g:\svn_home\new_gps\code\xyintelligentmonitor\generatedfiles\debug\moc_leftnavifactory.cpp
g:\svn_home\new_gps\code\xyintelligentmonitor\generatedfiles\debug\moc_leftnavimap.cpp
g:\svn_home\new_gps\code\xyintelligentmonitor\generatedfiles\ui_histrack.h
g:\svn_home\new_gps\code\xyintelligentmonitor\generatedfiles\ui_curvediagram.h
g:\svn_home\new_gps\code\xyintelligentmonitor\generatedfiles\ui_videomonitor.h
g:\svn_home\new_gps\code\xyintelligentmonitor\generatedfiles\ui_goverregulation.h
g:\svn_home\new_gps\code\xyintelligentmonitor\generatedfiles\ui_intelligentmonitor.h
g:\svn_home\new_gps\code\xyintelligentmonitor\generatedfiles\qrc_intelligentmonitor.cpp
g:\svn_home\new_gps\code\xyintelligentmonitor\generatedfiles\ui_leftnavimonitorlist.h
g:\svn_home\new_gps\code\xyintelligentmonitor\generatedfiles\ui_leftnavifactory.h
g:\svn_home\new_gps\code\xyintelligentmonitor\generatedfiles\ui_leftnavimap.h
g:\svn_home\new_gps\code\xyintelligentmonitor\generatedfiles\ui_bottomtablecarmonitor.h
g:\svn_home\new_gps\code\xyintelligentmonitor\generatedfiles\ui_bottomtabletracking.h
g:\svn_home\new_gps\bin\x86_vc12_unicode_debug\xyintelligentmonitor.ilk
g:\svn_home\new_gps\bin\x86_vc12_unicode_debug\xyintelligentmonitor.dll
g:\svn_home\new_gps\bin\x86_vc12_unicode_debug\xyintelligentmonitor.pdb
g:\svn_home\new_gps\lib\x86_vc12_unicode_debug\xyintelligentmonitor.lib
g:\svn_home\new_gps\lib\x86_vc12_unicode_debug\xyintelligentmonitor.exp
g:\svn_home\new_gps\code\xyintelligentmonitor\..\..\bin\x86_vc12_unicode_debug\xyintelligentmonitor.dll
g:\svn_home\new_gps\code\xyintelligentmonitor\x86_vc12_unicode_debug\xyintell.5db6dc1b.tlog\cl.command.1.tlog
g:\svn_home\new_gps\code\xyintelligentmonitor\x86_vc12_unicode_debug\xyintell.5db6dc1b.tlog\cl.read.1.tlog
g:\svn_home\new_gps\code\xyintelligentmonitor\x86_vc12_unicode_debug\xyintell.5db6dc1b.tlog\cl.write.1.tlog
g:\svn_home\new_gps\code\xyintelligentmonitor\x86_vc12_unicode_debug\xyintell.5db6dc1b.tlog\custombuild.command.1.tlog
g:\svn_home\new_gps\code\xyintelligentmonitor\x86_vc12_unicode_debug\xyintell.5db6dc1b.tlog\custombuild.read.1.tlog
g:\svn_home\new_gps\code\xyintelligentmonitor\x86_vc12_unicode_debug\xyintell.5db6dc1b.tlog\custombuild.write.1.tlog
g:\svn_home\new_gps\code\xyintelligentmonitor\x86_vc12_unicode_debug\xyintell.5db6dc1b.tlog\link.command.1.tlog
g:\svn_home\new_gps\code\xyintelligentmonitor\x86_vc12_unicode_debug\xyintell.5db6dc1b.tlog\link.read.1.tlog
g:\svn_home\new_gps\code\xyintelligentmonitor\x86_vc12_unicode_debug\xyintell.5db6dc1b.tlog\link.write.1.tlog
g:\svn_home\new_gps\code\xyintelligentmonitor\x86_vc12_unicode_debug\xyintell.5db6dc1b.tlog\xyintelligentmonitor.write.1u.tlog
