g:\svn_home\new_gps\code\progressbarmanager\x86_vc12_unicode_debug\vc120.pdb
g:\svn_home\new_gps\code\progressbarmanager\x86_vc12_unicode_debug\progressbarmanager.obj
g:\svn_home\new_gps\code\progressbarmanager\x86_vc12_unicode_debug\nqroundprogressbar.obj
g:\svn_home\new_gps\code\progressbarmanager\x86_vc12_unicode_debug\nqlineprogressbar.obj
g:\svn_home\new_gps\code\progressbarmanager\x86_vc12_unicode_debug\moc_progressbarmanager.obj
g:\svn_home\new_gps\code\progressbarmanager\x86_vc12_unicode_debug\moc_nqroundprogressbar.obj
g:\svn_home\new_gps\code\progressbarmanager\x86_vc12_unicode_debug\moc_nqlineprogressbar.obj
g:\svn_home\new_gps\code\progressbarmanager\x86_vc12_unicode_debug\qrc_progressbarmanager.obj
g:\svn_home\new_gps\code\progressbarmanager\generatedfiles\debug\moc_nqlineprogressbar.cpp
g:\svn_home\new_gps\code\progressbarmanager\generatedfiles\debug\moc_nqroundprogressbar.cpp
g:\svn_home\new_gps\code\progressbarmanager\generatedfiles\debug\moc_progressbarmanager.cpp
g:\svn_home\new_gps\code\progressbarmanager\generatedfiles\ui_nqroundprogressbarui.h
g:\svn_home\new_gps\code\progressbarmanager\generatedfiles\qrc_progressbarmanager.cpp
g:\svn_home\new_gps\bin\x86_vc12_unicode_debug\progressbarmanager.ilk
g:\svn_home\new_gps\bin\x86_vc12_unicode_debug\progressbarmanager.dll
g:\svn_home\new_gps\bin\x86_vc12_unicode_debug\progressbarmanager.pdb
g:\svn_home\new_gps\lib\x86_vc12_unicode_debug\progressbarmanager.lib
g:\svn_home\new_gps\lib\x86_vc12_unicode_debug\progressbarmanager.exp
g:\svn_home\new_gps\code\progressbarmanager\..\..\bin\x86_vc12_unicode_debug\progressbarmanager.dll
g:\svn_home\new_gps\code\progressbarmanager\x86_vc12_unicode_debug\progress.54398655.tlog\cl.command.1.tlog
g:\svn_home\new_gps\code\progressbarmanager\x86_vc12_unicode_debug\progress.54398655.tlog\cl.read.1.tlog
g:\svn_home\new_gps\code\progressbarmanager\x86_vc12_unicode_debug\progress.54398655.tlog\cl.write.1.tlog
g:\svn_home\new_gps\code\progressbarmanager\x86_vc12_unicode_debug\progress.54398655.tlog\custombuild.command.1.tlog
g:\svn_home\new_gps\code\progressbarmanager\x86_vc12_unicode_debug\progress.54398655.tlog\custombuild.read.1.tlog
g:\svn_home\new_gps\code\progressbarmanager\x86_vc12_unicode_debug\progress.54398655.tlog\custombuild.write.1.tlog
g:\svn_home\new_gps\code\progressbarmanager\x86_vc12_unicode_debug\progress.54398655.tlog\link.command.1.tlog
g:\svn_home\new_gps\code\progressbarmanager\x86_vc12_unicode_debug\progress.54398655.tlog\link.read.1.tlog
g:\svn_home\new_gps\code\progressbarmanager\x86_vc12_unicode_debug\progress.54398655.tlog\link.write.1.tlog
g:\svn_home\new_gps\code\progressbarmanager\x86_vc12_unicode_debug\progress.54398655.tlog\progressbarmanager.write.1u.tlog
