Build started 2016/5/12 13:45:16.
     1>Project "G:\svn_home\new_gps\code\HDataManager\HDataManager.vcxproj" on node 2 (Build target(s)).
     1>CustomBuild:
         Moc'ing HDataManager.h...
     1>C:\Program Files (x86)\MSBuild\Microsoft.Cpp\v4.0\V120\Microsoft.CppBuild.targets(935,5): warning MSB8027: Two or more files with the name of moc_HDataManager.cpp will produce outputs to the same location. This can lead to an incorrect build result.  The files involved are GeneratedFiles\Debug\moc_HDataManager.cpp, GeneratedFiles\Release\moc_HDataManager.cpp.
       ClCompile:
         F:\Program Files (x86)\Microsoft Visual Studio 12.0\VC\bin\CL.exe /c /I.\GeneratedFiles /I. /IF:\Qt\Qt5.5.0\5.5\msvc2013\include /I.\GeneratedFiles\Release /IF:\Qt\Qt5.5.0\5.5\msvc2013\include\QtCore /IF:\Qt\Qt5.5.0\5.5\msvc2013\include\QtSql /I..\..\inc /IF:\Qt\Qt5.5.0\5.5\msvc2013\include\QtGui /IF:\Qt\Qt5.5.0\5.5\msvc2013\include\QtWidgets /IF:\Qt\Qt5.5.0\5.5\msvc2013\include\QtNetwork /nologo /W1 /WX- /O2 /Oy- /D UNICODE /D WIN32 /D WIN64 /D QT_DLL /D QT_NO_DEBUG /D NDEBUG /D QT_CORE_LIB /D HDATAMANAGER_LIB /D QT_SQL_LIB /D QT_GUI_LIB /D QT_WIDGETS_LIB /D QT_NETWORK_LIB /D _WINDLL /Gm- /EHsc /MD /GS /fp:precise /Zc:wchar_t /Zc:forScope /Fo"x86_vc12_unicode_release\\" /Fd"x86_vc12_unicode_release\vc120.pdb" /Gd /TP /analyze- /errorReport:prompt GeneratedFiles\Release\moc_HDataManager.cpp HDataManager.cpp
         moc_HDataManager.cpp
     1>..\..\inc\hclientengine.h : warning C4819: The file contains a character that cannot be represented in the current code page (936). Save the file in Unicode format to prevent data loss
         HDataManager.cpp
     1>..\..\inc\hclientengine.h : warning C4819: The file contains a character that cannot be represented in the current code page (936). Save the file in Unicode format to prevent data loss
         Generating Code...
       Link:
         F:\Program Files (x86)\Microsoft Visual Studio 12.0\VC\bin\link.exe /ERRORREPORT:PROMPT /OUT:"..\..\bin\x86_vc12_unicode_release\\HDataManager.dll" /NOLOGO /LIBPATH:F:\Qt\Qt5.5.0\5.5\msvc2013\lib /LIBPATH:..\..\lib\x86_vc12_unicode_release qtmain.lib Qt5Core.lib Qt5Sql.lib Qt5Gui.lib Qt5Widgets.lib Qt5Network.lib HClientEngine.lib kernel32.lib user32.lib gdi32.lib winspool.lib comdlg32.lib advapi32.lib shell32.lib ole32.lib oleaut32.lib uuid.lib odbc32.lib odbccp32.lib /MANIFEST /MANIFESTUAC:"level='asInvoker' uiAccess='false'" /manifest:embed /PDB:"..\..\bin\x86_vc12_unicode_release\HDataManager.pdb" /SUBSYSTEM:WINDOWS /TLBID:1 /DYNAMICBASE /NXCOMPAT /IMPLIB:"..\..\lib\x86_vc12_unicode_release\HDataManager.lib" /MACHINE:X86 /SAFESEH /DLL x86_vc12_unicode_release\moc_HDataManager.obj
         x86_vc12_unicode_release\HDataManager.obj
            Creating library ..\..\lib\x86_vc12_unicode_release\HDataManager.lib and object ..\..\lib\x86_vc12_unicode_release\HDataManager.exp
         HDataManager.vcxproj -> G:\svn_home\new_gps\code\HDataManager\..\..\bin\x86_vc12_unicode_release\HDataManager.dll
     1>Done Building Project "G:\svn_home\new_gps\code\HDataManager\HDataManager.vcxproj" (Build target(s)).

Build succeeded.

Time Elapsed 00:00:03.85
