g:\svn_home\new_gps\code\iconhelper\x86_vc12_unicode_debug\vc120.pdb
g:\svn_home\new_gps\code\iconhelper\x86_vc12_unicode_debug\qrc_iconhelper.obj
g:\svn_home\new_gps\code\iconhelper\x86_vc12_unicode_debug\iconhelper.obj
g:\svn_home\new_gps\code\iconhelper\generatedfiles\qrc_iconhelper.cpp
g:\svn_home\new_gps\bin\x86_vc12_unicode_debug\iconhelper.lib
g:\svn_home\new_gps\bin\x86_vc12_unicode_debug\iconhelper.exp
g:\svn_home\new_gps\bin\x86_vc12_unicode_debug\iconhelper.ilk
g:\svn_home\new_gps\bin\x86_vc12_unicode_debug\iconhelper.dll
g:\svn_home\new_gps\bin\x86_vc12_unicode_debug\iconhelper.pdb
g:\svn_home\new_gps\code\iconhelper\..\..\bin\x86_vc12_unicode_debug\iconhelper.dll
g:\svn_home\new_gps\code\iconhelper\x86_vc12_unicode_debug\iconhelper.tlog\cl.command.1.tlog
g:\svn_home\new_gps\code\iconhelper\x86_vc12_unicode_debug\iconhelper.tlog\cl.read.1.tlog
g:\svn_home\new_gps\code\iconhelper\x86_vc12_unicode_debug\iconhelper.tlog\cl.write.1.tlog
g:\svn_home\new_gps\code\iconhelper\x86_vc12_unicode_debug\iconhelper.tlog\custombuild.command.1.tlog
g:\svn_home\new_gps\code\iconhelper\x86_vc12_unicode_debug\iconhelper.tlog\custombuild.read.1.tlog
g:\svn_home\new_gps\code\iconhelper\x86_vc12_unicode_debug\iconhelper.tlog\custombuild.write.1.tlog
g:\svn_home\new_gps\code\iconhelper\x86_vc12_unicode_debug\iconhelper.tlog\iconhelper.write.1u.tlog
g:\svn_home\new_gps\code\iconhelper\x86_vc12_unicode_debug\iconhelper.tlog\link.command.1.tlog
g:\svn_home\new_gps\code\iconhelper\x86_vc12_unicode_debug\iconhelper.tlog\link.read.1.tlog
g:\svn_home\new_gps\code\iconhelper\x86_vc12_unicode_debug\iconhelper.tlog\link.write.1.tlog
