g:\svn_home\new_gps\code\xybasemanagement\x86_vc12_unicode_debug\vc120.pdb
g:\svn_home\new_gps\code\xybasemanagement\x86_vc12_unicode_debug\xybasemanagement.obj
g:\svn_home\new_gps\code\xybasemanagement\x86_vc12_unicode_debug\moc_xybasemanagement.obj
g:\svn_home\new_gps\code\xybasemanagement\x86_vc12_unicode_debug\moc_basemanagement.obj
g:\svn_home\new_gps\code\xybasemanagement\x86_vc12_unicode_debug\basemanagement.obj
g:\svn_home\new_gps\code\xybasemanagement\generatedfiles\debug\moc_basemanagement.cpp
g:\svn_home\new_gps\code\xybasemanagement\generatedfiles\ui_basemanagement.h
g:\svn_home\new_gps\code\xybasemanagement\generatedfiles\debug\moc_xybasemanagement.cpp
g:\svn_home\new_gps\bin\x86_vc12_unicode_debug\xybasemanagement.ilk
g:\svn_home\new_gps\bin\x86_vc12_unicode_debug\xybasemanagement.dll
g:\svn_home\new_gps\bin\x86_vc12_unicode_debug\xybasemanagement.pdb
g:\svn_home\new_gps\bin\x86_vc12_unicode_debug\xybasemanagement.lib
g:\svn_home\new_gps\bin\x86_vc12_unicode_debug\xybasemanagement.exp
g:\svn_home\new_gps\code\xybasemanagement\..\..\bin\x86_vc12_unicode_debug\xybasemanagement.dll
g:\svn_home\new_gps\code\xybasemanagement\x86_vc12_unicode_debug\xybasemanagement.tlog\cl.command.1.tlog
g:\svn_home\new_gps\code\xybasemanagement\x86_vc12_unicode_debug\xybasemanagement.tlog\cl.read.1.tlog
g:\svn_home\new_gps\code\xybasemanagement\x86_vc12_unicode_debug\xybasemanagement.tlog\cl.write.1.tlog
g:\svn_home\new_gps\code\xybasemanagement\x86_vc12_unicode_debug\xybasemanagement.tlog\custombuild.command.1.tlog
g:\svn_home\new_gps\code\xybasemanagement\x86_vc12_unicode_debug\xybasemanagement.tlog\custombuild.read.1.tlog
g:\svn_home\new_gps\code\xybasemanagement\x86_vc12_unicode_debug\xybasemanagement.tlog\custombuild.write.1.tlog
g:\svn_home\new_gps\code\xybasemanagement\x86_vc12_unicode_debug\xybasemanagement.tlog\link.command.1.tlog
g:\svn_home\new_gps\code\xybasemanagement\x86_vc12_unicode_debug\xybasemanagement.tlog\link.read.1.tlog
g:\svn_home\new_gps\code\xybasemanagement\x86_vc12_unicode_debug\xybasemanagement.tlog\link.write.1.tlog
g:\svn_home\new_gps\code\xybasemanagement\x86_vc12_unicode_debug\xybasemanagement.tlog\xybasemanagement.write.1u.tlog
